<?xml version="1.0" encoding="UTF-8"?>
<!-- Generated by org.testng.reporters.JUnitReportReporter -->
<testsuite hostname="DESKTOP-KFK5AMQ" name="Topic01_CheckEnvironment_Structure" tests="3" failures="0" timestamp="23 Aug 2022 08:04:25 GMT" time="0.335" errors="0">
  <testcase name="TC_03_LoginFormDisplayed" time="0.092" classname="Topic01_CheckEnvironment_Structure"/>
  <testcase name="TC_02_ValidatePageTitle" time="0.020" classname="Topic01_CheckEnvironment_Structure"/>
  <testcase name="TC_01_ValidateCurrentUrl" time="0.223" classname="Topic01_CheckEnvironment_Structure"/>
</testsuite> <!-- Topic01_CheckEnvironment_Structure -->
