<?xml version="1.0" encoding="UTF-8"?>
<!-- Generated by org.testng.reporters.JUnitReportReporter -->
<testsuite hostname="DESKTOP-KFK5AMQ" name="api.Topic01_CheckEnvironment_Structure" tests="3" failures="0" timestamp="23 Aug 2022 08:21:35 GMT" time="0.512" errors="0">
  <testcase name="TC_03_LoginFormDisplayed" time="0.074" classname="api.Topic01_CheckEnvironment_Structure"/>
  <testcase name="TC_02_ValidatePageTitle" time="0.012" classname="api.Topic01_CheckEnvironment_Structure"/>
  <testcase name="TC_01_ValidateCurrentUrl" time="0.426" classname="api.Topic01_CheckEnvironment_Structure"/>
</testsuite> <!-- api.Topic01_CheckEnvironment_Structure -->
